<?xml version="1.0" encoding="UTF-8"?>
<!-- Generated by org.testng.reporters.JUnitXMLReporter -->
<testsuite ignored="1" hostname="Ricardos-MacBook-Pro.local" failures="0" tests="1" name="Default test" time="5.509" errors="0" timestamp="17 Nov 2021 02:18:08 GMT">
  <testcase classname="com.opensource.qa.TC001_Validate_User_Admin" name="tc002" time="5.482"/>
  <testcase classname="com.opensource.qa.TC001_Validate_User_Admin" name="tc001" time="0.0">
    <ignored/>
  </testcase> <!-- tc001 -->
</testsuite> <!-- Default test -->
