<?xml version="1.0" encoding="UTF-8"?>
<testng-results ignored="0" total="1" passed="1" failed="0" skipped="0">
  <reporter-output>
  </reporter-output>
  <suite started-at="2021-11-09T01:48:53Z" name="Default suite" finished-at="2021-11-09T01:49:00Z" duration-ms="7826">
    <groups>
    </groups>
    <test started-at="2021-11-09T01:48:53Z" name="Default test" finished-at="2021-11-09T01:49:00Z" duration-ms="7826">
      <class name="com.google.GoogleTest">
        <test-method signature="f()[pri:0, instance:com.google.GoogleTest@2141a12]" started-at="2021-11-09T01:48:53Z" name="f" finished-at="2021-11-09T01:49:00Z" duration-ms="7801" status="PASS">
          <reporter-output>
          </reporter-output>
        </test-method> <!-- f -->
      </class> <!-- com.google.GoogleTest -->
    </test> <!-- Default test -->
  </suite> <!-- Default suite -->
</testng-results>
